modules/background-listener/android/build/intermediates/manifest_merge_blame_file/release/processReleaseManifest/manifest-merger-blame-release-report.txt
1<?xml version="1.0" encoding="utf-8"?>
2<manifest xmlns:android="http://schemas.android.com/apk/res/android"
3    package="expo.modules.backgroundlistener" >
4
5    <uses-sdk android:minSdkVersion="24" />
6
7    <uses-permission android:name="android.permission.RECORD_AUDIO" />
7-->src/main/AndroidManifest.xml:2:3-69
7-->src/main/AndroidManifest.xml:2:20-66
8    <uses-permission android:name="android.permission.POST_NOTIFICATIONS" />
8-->src/main/AndroidManifest.xml:3:3-75
8-->src/main/AndroidManifest.xml:3:20-72
9    <uses-permission android:name="android.permission.FOREGROUND_SERVICE" />
9-->src/main/AndroidManifest.xml:4:3-75
9-->src/main/AndroidManifest.xml:4:20-72
10    <uses-permission android:name="android.permission.FOREGROUND_SERVICE_MICROPHONE" />
10-->src/main/AndroidManifest.xml:5:3-86
10-->src/main/AndroidManifest.xml:5:20-83
11    <uses-permission android:name="android.permission.WAKE_LOCK" />
11-->src/main/AndroidManifest.xml:6:3-66
11-->src/main/AndroidManifest.xml:6:20-63
12    <uses-permission android:name="android.permission.VIBRATE" />
12-->src/main/AndroidManifest.xml:7:3-64
12-->src/main/AndroidManifest.xml:7:20-61
13
14    <application>
14-->src/main/AndroidManifest.xml:9:3-18:17
15        <service
15-->src/main/AndroidManifest.xml:10:5-14:38
16            android:name="expo.modules.backgroundlistener.BackgroundListeningService"
16-->src/main/AndroidManifest.xml:11:7-49
17            android:exported="false"
17-->src/main/AndroidManifest.xml:12:7-31
18            android:foregroundServiceType="microphone"
18-->src/main/AndroidManifest.xml:13:7-49
19            android:stopWithTask="false" />
19-->src/main/AndroidManifest.xml:14:7-35
20
21        <receiver
21-->src/main/AndroidManifest.xml:15:5-17:34
22            android:name="expo.modules.backgroundlistener.BackgroundNotificationReceiver"
22-->src/main/AndroidManifest.xml:16:7-53
23            android:exported="false" />
23-->src/main/AndroidManifest.xml:17:7-31
24    </application>
25
26</manifest>